<?xml version="1.0" encoding="UTF-8"?>
<testsuite xmlns:xsi="http://www.w3.org/2001/XMLSchema-instance" xsi:noNamespaceSchemaLocation="https://maven.apache.org/surefire/maven-surefire-plugin/xsd/surefire-test-report-3.0.xsd" version="3.0" name="TestSuite" time="28.891" tests="10" errors="0" skipped="0" failures="0">
  <properties>
[...]
</properties>
  <testcase name="userRegistrationTest" classname="com.atharvahiwase07.tests.flightreservation.FlightReservationTest" time="3.559">
    <system-err><![CDATA[SLF4J: No SLF4J providers were found.
SLF4J: Defaulting to no-operation (NOP) logger implementation
SLF4J: See https://www.slf4j.org/codes.html#noProviders for further details.
Jan 28, 2024 1:56:27 AM org.openqa.selenium.devtools.CdpVersionFinder findNearestMatch
WARNING: Unable to find an exact match for CDP version 119, so returning the closest version found: 115
]]></system-err>
  </testcase>
  <testcase name="userRegistrationTest" classname="com.atharvahiwase07.tests.flightreservation.FlightReservationTest" time="3.082">
    <system-err><![CDATA[Jan 28, 2024 1:56:40 AM org.openqa.selenium.devtools.CdpVersionFinder findNearestMatch
WARNING: Unable to find an exact match for CDP version 119, so returning the closest version found: 115
]]></system-err>
  </testcase>
  <testcase name="registrationConfirmationTest" classname="com.atharvahiwase07.tests.flightreservation.FlightReservationTest" time="2.392"/>
  <testcase name="registrationConfirmationTest" classname="com.atharvahiwase07.tests.flightreservation.FlightReservationTest" time="1.453"/>
  <testcase name="flightsSearchTest" classname="com.atharvahiwase07.tests.flightreservation.FlightReservationTest" time="0.949"/>
  <testcase name="flightsSearchTest" classname="com.atharvahiwase07.tests.flightreservation.FlightReservationTest" time="1.504"/>
  <testcase name="flightSelectionTest" classname="com.atharvahiwase07.tests.flightreservation.FlightReservationTest" time="2.565"/>
  <testcase name="flightSelectionTest" classname="com.atharvahiwase07.tests.flightreservation.FlightReservationTest" time="1.993"/>
  <testcase name="flightReservationConfirmationTest" classname="com.atharvahiwase07.tests.flightreservation.FlightReservationTest" time="2.38"/>
  <testcase name="flightReservationConfirmationTest" classname="com.atharvahiwase07.tests.flightreservation.FlightReservationTest" time="2.514"/>
</testsuite>