<?xml version="1.0" encoding="UTF-8"?>
<testng-results ignored="0" total="10" passed="10" failed="0" skipped="0">
  <reporter-output>
  </reporter-output>
  <suite started-at="2024-01-07T01:24:06 IST" name="flight-reservation" finished-at="2024-01-07T01:24:27 IST" duration-ms="21358">
    <groups>
    </groups>
    <test started-at="2024-01-07T01:24:06 IST" name="passengers-count-1" finished-at="2024-01-07T01:24:17 IST" duration-ms="11346">
      <class name="com.atharvahiwase07.tests.flightreservation.FlightReservationTest">
        <test-method is-config="true" signature="setDriver(java.lang.String,java.lang.String)[pri:0, instance:com.atharvahiwase07.tests.flightreservation.FlightReservationTest@222545dc]" started-at="2024-01-07T01:24:06 IST" name="setDriver" finished-at="2024-01-07T01:24:09 IST" duration-ms="2536" status="PASS">
          <params>
            <param index="0">
              <value>
                <![CDATA[1]]>
              </value>
            </param>
            <param index="1">
              <value>
                <![CDATA[$584 USD]]>
              </value>
            </param>
          </params>
          <reporter-output>
          </reporter-output>
        </test-method> <!-- setDriver -->
        <test-method signature="userRegistrationTest()[pri:0, instance:com.atharvahiwase07.tests.flightreservation.FlightReservationTest@222545dc]" started-at="2024-01-07T01:24:09 IST" name="userRegistrationTest" finished-at="2024-01-07T01:24:12 IST" duration-ms="2880" status="PASS">
          <reporter-output>
          </reporter-output>
        </test-method> <!-- userRegistrationTest -->
        <test-method signature="registrationConfirmationTest()[pri:0, instance:com.atharvahiwase07.tests.flightreservation.FlightReservationTest@222545dc]" started-at="2024-01-07T01:24:12 IST" name="registrationConfirmationTest" finished-at="2024-01-07T01:24:13 IST" depends-on-methods="com.atharvahiwase07.tests.flightreservation.FlightReservationTest.userRegistrationTest" duration-ms="1766" status="PASS">
          <reporter-output>
          </reporter-output>
        </test-method> <!-- registrationConfirmationTest -->
        <test-method signature="flightsSearchTest()[pri:0, instance:com.atharvahiwase07.tests.flightreservation.FlightReservationTest@222545dc]" started-at="2024-01-07T01:24:13 IST" name="flightsSearchTest" finished-at="2024-01-07T01:24:15 IST" depends-on-methods="com.atharvahiwase07.tests.flightreservation.FlightReservationTest.registrationConfirmationTest" duration-ms="1340" status="PASS">
          <reporter-output>
          </reporter-output>
        </test-method> <!-- flightsSearchTest -->
        <test-method signature="flightSelectionTest()[pri:0, instance:com.atharvahiwase07.tests.flightreservation.FlightReservationTest@222545dc]" started-at="2024-01-07T01:24:15 IST" name="flightSelectionTest" finished-at="2024-01-07T01:24:16 IST" depends-on-methods="com.atharvahiwase07.tests.flightreservation.FlightReservationTest.flightsSearchTest" duration-ms="872" status="PASS">
          <reporter-output>
          </reporter-output>
        </test-method> <!-- flightSelectionTest -->
        <test-method signature="flightReservationConfirmationTest()[pri:0, instance:com.atharvahiwase07.tests.flightreservation.FlightReservationTest@222545dc]" started-at="2024-01-07T01:24:16 IST" name="flightReservationConfirmationTest" finished-at="2024-01-07T01:24:17 IST" depends-on-methods="com.atharvahiwase07.tests.flightreservation.FlightReservationTest.flightSelectionTest" duration-ms="1730" status="PASS">
          <reporter-output>
          </reporter-output>
        </test-method> <!-- flightReservationConfirmationTest -->
        <test-method is-config="true" signature="quitDriver()[pri:0, instance:com.atharvahiwase07.tests.flightreservation.FlightReservationTest@222545dc]" started-at="2024-01-07T01:24:17 IST" name="quitDriver" finished-at="2024-01-07T01:24:17 IST" duration-ms="155" status="PASS">
          <reporter-output>
          </reporter-output>
        </test-method> <!-- quitDriver -->
      </class> <!-- com.atharvahiwase07.tests.flightreservation.FlightReservationTest -->
    </test> <!-- passengers-count-1 -->
    <test started-at="2024-01-07T01:24:18 IST" name="passengers-count-2" finished-at="2024-01-07T01:24:27 IST" duration-ms="9798">
      <class name="com.atharvahiwase07.tests.flightreservation.FlightReservationTest">
        <test-method is-config="true" signature="setDriver(java.lang.String,java.lang.String)[pri:0, instance:com.atharvahiwase07.tests.flightreservation.FlightReservationTest@18078bef]" started-at="2024-01-07T01:24:18 IST" name="setDriver" finished-at="2024-01-07T01:24:19 IST" duration-ms="1005" status="PASS">
          <params>
            <param index="0">
              <value>
                <![CDATA[2]]>
              </value>
            </param>
            <param index="1">
              <value>
                <![CDATA[$1169 USD]]>
              </value>
            </param>
          </params>
          <reporter-output>
          </reporter-output>
        </test-method> <!-- setDriver -->
        <test-method signature="userRegistrationTest()[pri:0, instance:com.atharvahiwase07.tests.flightreservation.FlightReservationTest@18078bef]" started-at="2024-01-07T01:24:19 IST" name="userRegistrationTest" finished-at="2024-01-07T01:24:21 IST" duration-ms="2433" status="PASS">
          <reporter-output>
          </reporter-output>
        </test-method> <!-- userRegistrationTest -->
        <test-method signature="registrationConfirmationTest()[pri:0, instance:com.atharvahiwase07.tests.flightreservation.FlightReservationTest@18078bef]" started-at="2024-01-07T01:24:21 IST" name="registrationConfirmationTest" finished-at="2024-01-07T01:24:23 IST" depends-on-methods="com.atharvahiwase07.tests.flightreservation.FlightReservationTest.userRegistrationTest" duration-ms="1765" status="PASS">
          <reporter-output>
          </reporter-output>
        </test-method> <!-- registrationConfirmationTest -->
        <test-method signature="flightsSearchTest()[pri:0, instance:com.atharvahiwase07.tests.flightreservation.FlightReservationTest@18078bef]" started-at="2024-01-07T01:24:23 IST" name="flightsSearchTest" finished-at="2024-01-07T01:24:25 IST" depends-on-methods="com.atharvahiwase07.tests.flightreservation.FlightReservationTest.registrationConfirmationTest" duration-ms="2428" status="PASS">
          <reporter-output>
          </reporter-output>
        </test-method> <!-- flightsSearchTest -->
        <test-method signature="flightSelectionTest()[pri:0, instance:com.atharvahiwase07.tests.flightreservation.FlightReservationTest@18078bef]" started-at="2024-01-07T01:24:25 IST" name="flightSelectionTest" finished-at="2024-01-07T01:24:27 IST" depends-on-methods="com.atharvahiwase07.tests.flightreservation.FlightReservationTest.flightsSearchTest" duration-ms="1331" status="PASS">
          <reporter-output>
          </reporter-output>
        </test-method> <!-- flightSelectionTest -->
        <test-method signature="flightReservationConfirmationTest()[pri:0, instance:com.atharvahiwase07.tests.flightreservation.FlightReservationTest@18078bef]" started-at="2024-01-07T01:24:27 IST" name="flightReservationConfirmationTest" finished-at="2024-01-07T01:24:27 IST" depends-on-methods="com.atharvahiwase07.tests.flightreservation.FlightReservationTest.flightSelectionTest" duration-ms="671" status="PASS">
          <reporter-output>
          </reporter-output>
        </test-method> <!-- flightReservationConfirmationTest -->
        <test-method is-config="true" signature="quitDriver()[pri:0, instance:com.atharvahiwase07.tests.flightreservation.FlightReservationTest@18078bef]" started-at="2024-01-07T01:24:27 IST" name="quitDriver" finished-at="2024-01-07T01:24:27 IST" duration-ms="158" status="PASS">
          <reporter-output>
          </reporter-output>
        </test-method> <!-- quitDriver -->
      </class> <!-- com.atharvahiwase07.tests.flightreservation.FlightReservationTest -->
    </test> <!-- passengers-count-2 -->
  </suite> <!-- flight-reservation -->
</testng-results>
