<?xml version="1.0" encoding="UTF-8"?>
<testng-results ignored="0" total="10" passed="10" failed="0" skipped="0">
  <reporter-output>
  </reporter-output>
  <suite started-at="2024-01-07T02:03:44 IST" name="flight-reservation" finished-at="2024-01-07T02:04:07 IST" duration-ms="23468">
    <groups>
    </groups>
    <test started-at="2024-01-07T02:03:44 IST" name="passengers-count-1" finished-at="2024-01-07T02:03:54 IST" duration-ms="10573">
      <class name="com.atharvahiwase07.tests.flightreservation.FlightReservationTest">
        <test-method is-config="true" signature="setDriver(java.lang.String,java.lang.String)[pri:0, instance:com.atharvahiwase07.tests.flightreservation.FlightReservationTest@222545dc]" started-at="2024-01-07T02:03:44 IST" name="setDriver" finished-at="2024-01-07T02:03:47 IST" duration-ms="3033" status="PASS">
          <params>
            <param index="0">
              <value>
                <![CDATA[1]]>
              </value>
            </param>
            <param index="1">
              <value>
                <![CDATA[$584 USD]]>
              </value>
            </param>
          </params>
          <reporter-output>
          </reporter-output>
        </test-method> <!-- setDriver -->
        <test-method signature="userRegistrationTest()[pri:0, instance:com.atharvahiwase07.tests.flightreservation.FlightReservationTest@222545dc]" started-at="2024-01-07T02:03:47 IST" name="userRegistrationTest" finished-at="2024-01-07T02:03:50 IST" duration-ms="2667" status="PASS">
          <reporter-output>
          </reporter-output>
        </test-method> <!-- userRegistrationTest -->
        <test-method signature="registrationConfirmationTest()[pri:0, instance:com.atharvahiwase07.tests.flightreservation.FlightReservationTest@222545dc]" started-at="2024-01-07T02:03:50 IST" name="registrationConfirmationTest" finished-at="2024-01-07T02:03:50 IST" depends-on-methods="com.atharvahiwase07.tests.flightreservation.FlightReservationTest.userRegistrationTest" duration-ms="736" status="PASS">
          <reporter-output>
          </reporter-output>
        </test-method> <!-- registrationConfirmationTest -->
        <test-method signature="flightsSearchTest()[pri:0, instance:com.atharvahiwase07.tests.flightreservation.FlightReservationTest@222545dc]" started-at="2024-01-07T02:03:50 IST" name="flightsSearchTest" finished-at="2024-01-07T02:03:51 IST" depends-on-methods="com.atharvahiwase07.tests.flightreservation.FlightReservationTest.registrationConfirmationTest" duration-ms="835" status="PASS">
          <reporter-output>
          </reporter-output>
        </test-method> <!-- flightsSearchTest -->
        <test-method signature="flightSelectionTest()[pri:0, instance:com.atharvahiwase07.tests.flightreservation.FlightReservationTest@222545dc]" started-at="2024-01-07T02:03:51 IST" name="flightSelectionTest" finished-at="2024-01-07T02:03:54 IST" depends-on-methods="com.atharvahiwase07.tests.flightreservation.FlightReservationTest.flightsSearchTest" duration-ms="2397" status="PASS">
          <reporter-output>
          </reporter-output>
        </test-method> <!-- flightSelectionTest -->
        <test-method signature="flightReservationConfirmationTest()[pri:0, instance:com.atharvahiwase07.tests.flightreservation.FlightReservationTest@222545dc]" started-at="2024-01-07T02:03:54 IST" name="flightReservationConfirmationTest" finished-at="2024-01-07T02:03:54 IST" depends-on-methods="com.atharvahiwase07.tests.flightreservation.FlightReservationTest.flightSelectionTest" duration-ms="672" status="PASS">
          <reporter-output>
          </reporter-output>
        </test-method> <!-- flightReservationConfirmationTest -->
        <test-method is-config="true" signature="quitDriver()[pri:0, instance:com.atharvahiwase07.tests.flightreservation.FlightReservationTest@222545dc]" started-at="2024-01-07T02:03:54 IST" name="quitDriver" finished-at="2024-01-07T02:03:54 IST" duration-ms="171" status="PASS">
          <reporter-output>
          </reporter-output>
        </test-method> <!-- quitDriver -->
      </class> <!-- com.atharvahiwase07.tests.flightreservation.FlightReservationTest -->
    </test> <!-- passengers-count-1 -->
    <test started-at="2024-01-07T02:03:55 IST" name="passengers-count-2" finished-at="2024-01-07T02:04:07 IST" duration-ms="12708">
      <class name="com.atharvahiwase07.tests.flightreservation.FlightReservationTest">
        <test-method is-config="true" signature="setDriver(java.lang.String,java.lang.String)[pri:0, instance:com.atharvahiwase07.tests.flightreservation.FlightReservationTest@18078bef]" started-at="2024-01-07T02:03:55 IST" name="setDriver" finished-at="2024-01-07T02:03:56 IST" duration-ms="1134" status="PASS">
          <params>
            <param index="0">
              <value>
                <![CDATA[2]]>
              </value>
            </param>
            <param index="1">
              <value>
                <![CDATA[$1169 USD]]>
              </value>
            </param>
          </params>
          <reporter-output>
          </reporter-output>
        </test-method> <!-- setDriver -->
        <test-method signature="userRegistrationTest()[pri:0, instance:com.atharvahiwase07.tests.flightreservation.FlightReservationTest@18078bef]" started-at="2024-01-07T02:03:56 IST" name="userRegistrationTest" finished-at="2024-01-07T02:04:00 IST" duration-ms="4678" status="PASS">
          <reporter-output>
          </reporter-output>
        </test-method> <!-- userRegistrationTest -->
        <test-method signature="registrationConfirmationTest()[pri:0, instance:com.atharvahiwase07.tests.flightreservation.FlightReservationTest@18078bef]" started-at="2024-01-07T02:04:00 IST" name="registrationConfirmationTest" finished-at="2024-01-07T02:04:01 IST" depends-on-methods="com.atharvahiwase07.tests.flightreservation.FlightReservationTest.userRegistrationTest" duration-ms="759" status="PASS">
          <reporter-output>
          </reporter-output>
        </test-method> <!-- registrationConfirmationTest -->
        <test-method signature="flightsSearchTest()[pri:0, instance:com.atharvahiwase07.tests.flightreservation.FlightReservationTest@18078bef]" started-at="2024-01-07T02:04:01 IST" name="flightsSearchTest" finished-at="2024-01-07T02:04:03 IST" depends-on-methods="com.atharvahiwase07.tests.flightreservation.FlightReservationTest.registrationConfirmationTest" duration-ms="1896" status="PASS">
          <reporter-output>
          </reporter-output>
        </test-method> <!-- flightsSearchTest -->
        <test-method signature="flightSelectionTest()[pri:0, instance:com.atharvahiwase07.tests.flightreservation.FlightReservationTest@18078bef]" started-at="2024-01-07T02:04:03 IST" name="flightSelectionTest" finished-at="2024-01-07T02:04:06 IST" depends-on-methods="com.atharvahiwase07.tests.flightreservation.FlightReservationTest.flightsSearchTest" duration-ms="2398" status="PASS">
          <reporter-output>
          </reporter-output>
        </test-method> <!-- flightSelectionTest -->
        <test-method signature="flightReservationConfirmationTest()[pri:0, instance:com.atharvahiwase07.tests.flightreservation.FlightReservationTest@18078bef]" started-at="2024-01-07T02:04:06 IST" name="flightReservationConfirmationTest" finished-at="2024-01-07T02:04:07 IST" depends-on-methods="com.atharvahiwase07.tests.flightreservation.FlightReservationTest.flightSelectionTest" duration-ms="1715" status="PASS">
          <reporter-output>
          </reporter-output>
        </test-method> <!-- flightReservationConfirmationTest -->
        <test-method is-config="true" signature="quitDriver()[pri:0, instance:com.atharvahiwase07.tests.flightreservation.FlightReservationTest@18078bef]" started-at="2024-01-07T02:04:07 IST" name="quitDriver" finished-at="2024-01-07T02:04:07 IST" duration-ms="121" status="PASS">
          <reporter-output>
          </reporter-output>
        </test-method> <!-- quitDriver -->
      </class> <!-- com.atharvahiwase07.tests.flightreservation.FlightReservationTest -->
    </test> <!-- passengers-count-2 -->
  </suite> <!-- flight-reservation -->
</testng-results>
