<?xml version="1.0" encoding="UTF-8"?>
<testsuite xmlns:xsi="http://www.w3.org/2001/XMLSchema-instance" xsi:noNamespaceSchemaLocation="https://maven.apache.org/surefire/maven-surefire-plugin/xsd/surefire-test-report-3.0.xsd" version="3.0" name="TestSuite" time="59.768" tests="20" errors="0" skipped="0" failures="1">
  <properties>
[...]
</properties>
  <testcase name="userRegistrationTest" classname="com.atharvahiwase07.tests.flightreservation.FlightReservationTest" time="1.858">
    <system-out><![CDATA[02:33:56.489 INFO  [           main] &amp#27;[36mc.a.utils.ResourceLoader      &amp#27;[0;39m : reading resource from location: config/default.properties
02:33:56.494 INFO  [           main] &amp#27;[36mc.atharvahiwase07.utils.Config&amp#27;[0;39m : Test Properties
02:33:56.494 INFO  [           main] &amp#27;[36mc.atharvahiwase07.utils.Config&amp#27;[0;39m : -------------------------------------------------
02:33:56.494 INFO  [           main] &amp#27;[36mc.atharvahiwase07.utils.Config&amp#27;[0;39m : selenium.grid.urlFormat=http://%s:4444/wd/hub
02:33:56.494 INFO  [           main] &amp#27;[36mc.atharvahiwase07.utils.Config&amp#27;[0;39m : browser=chrome
02:33:56.494 INFO  [           main] &amp#27;[36mc.atharvahiwase07.utils.Config&amp#27;[0;39m : vendorPortal.url=https://d1uh9e7cu07ukd.cloudfront.net/selenium-docker/vendor-app/index.html
02:33:56.495 INFO  [           main] &amp#27;[36mc.atharvahiwase07.utils.Config&amp#27;[0;39m : selenium.grid.enabled=true
02:33:56.495 INFO  [           main] &amp#27;[36mc.atharvahiwase07.utils.Config&amp#27;[0;39m : flightReservation.url=https://d1uh9e7cu07ukd.cloudfront.net/selenium-docker/reservation-app/index.html
02:33:56.495 INFO  [           main] &amp#27;[36mc.atharvahiwase07.utils.Config&amp#27;[0;39m : selenium.grid.hubHost=localhost
02:33:56.519 INFO  [ TestNG-tests-1] &amp#27;[36mc.a.tests.AbstractTest        &amp#27;[0;39m : gird url: http://localhost:4444/wd/hub
02:33:56.519 INFO  [ TestNG-tests-2] &amp#27;[36mc.a.tests.AbstractTest        &amp#27;[0;39m : gird url: http://localhost:4444/wd/hub
02:33:57.956 INFO  [ TestNG-tests-2] &amp#27;[36mc.a.utils.ResourceLoader      &amp#27;[0;39m : reading resource from location: test-data/flight-reservation/passenger-2.json
02:33:57.956 INFO  [ TestNG-tests-1] &amp#27;[36mc.a.utils.ResourceLoader      &amp#27;[0;39m : reading resource from location: test-data/flight-reservation/passenger-1.json
micheal
marshall
]]></system-out>
    <system-err><![CDATA[Feb 07, 2024 2:33:56 AM org.openqa.selenium.remote.tracing.opentelemetry.OpenTelemetryTracer createTracer
INFO: Using OpenTelemetry for tracing
]]></system-err>
  </testcase>
  <testcase name="userRegistrationTest" classname="com.atharvahiwase07.tests.flightreservation.FlightReservationTest" time="1.894"/>
  <testcase name="userRegistrationTest" classname="com.atharvahiwase07.tests.flightreservation.FlightReservationTest" time="2.101">
    <system-out><![CDATA[02:34:26.271 INFO  [ TestNG-tests-2] &amp#27;[36mc.a.tests.AbstractTest        &amp#27;[0;39m : gird url: http://localhost:4444/wd/hub
02:34:26.369 INFO  [ TestNG-tests-1] &amp#27;[36mc.a.tests.AbstractTest        &amp#27;[0;39m : gird url: http://localhost:4444/wd/hub
02:34:26.797 INFO  [ TestNG-tests-1] &amp#27;[36mc.a.utils.ResourceLoader      &amp#27;[0;39m : reading resource from location: test-data/flight-reservation/passenger-4.json
02:34:26.831 INFO  [ TestNG-tests-2] &amp#27;[36mc.a.utils.ResourceLoader      &amp#27;[0;39m : reading resource from location: test-data/flight-reservation/passenger-3.json
atharva
barney
]]></system-out>
  </testcase>
  <testcase name="userRegistrationTest" classname="com.atharvahiwase07.tests.flightreservation.FlightReservationTest" time="2.148"/>
  <testcase name="registrationConfirmationTest" classname="com.atharvahiwase07.tests.flightreservation.FlightReservationTest" time="0.198"/>
  <testcase name="registrationConfirmationTest" classname="com.atharvahiwase07.tests.flightreservation.FlightReservationTest" time="0.215"/>
  <testcase name="registrationConfirmationTest" classname="com.atharvahiwase07.tests.flightreservation.FlightReservationTest" time="0.203"/>
  <testcase name="registrationConfirmationTest" classname="com.atharvahiwase07.tests.flightreservation.FlightReservationTest" time="0.244"/>
  <testcase name="flightsSearchTest" classname="com.atharvahiwase07.tests.flightreservation.FlightReservationTest" time="0.414"/>
  <testcase name="flightsSearchTest" classname="com.atharvahiwase07.tests.flightreservation.FlightReservationTest" time="0.455"/>
  <testcase name="flightsSearchTest" classname="com.atharvahiwase07.tests.flightreservation.FlightReservationTest" time="0.308"/>
  <testcase name="flightsSearchTest" classname="com.atharvahiwase07.tests.flightreservation.FlightReservationTest" time="0.339"/>
  <testcase name="flightSelectionTest" classname="com.atharvahiwase07.tests.flightreservation.FlightReservationTest" time="0.317"/>
  <testcase name="flightSelectionTest" classname="com.atharvahiwase07.tests.flightreservation.FlightReservationTest" time="0.341"/>
  <testcase name="flightSelectionTest" classname="com.atharvahiwase07.tests.flightreservation.FlightReservationTest" time="0.547"/>
  <testcase name="flightSelectionTest" classname="com.atharvahiwase07.tests.flightreservation.FlightReservationTest" time="0.569"/>
  <testcase name="flightReservationConfirmationTest" classname="com.atharvahiwase07.tests.flightreservation.FlightReservationTest" time="0.134">
    <failure message="expected [$500 USD] but found [$584 USD]" type="java.lang.AssertionError"><![CDATA[java.lang.AssertionError: expected [$500 USD] but found [$584 USD]
	at org.testng.Assert.fail(Assert.java:111)
	at org.testng.Assert.failNotEquals(Assert.java:1578)
	at org.testng.Assert.assertEqualsImpl(Assert.java:150)
	at org.testng.Assert.assertEquals(Assert.java:132)
	at org.testng.Assert.assertEquals(Assert.java:656)
	at org.testng.Assert.assertEquals(Assert.java:666)
	at com.atharvahiwase07.tests.flightreservation.FlightReservationTest.flightReservationConfirmationTest(FlightReservationTest.java:74)
	at java.base/jdk.internal.reflect.NativeMethodAccessorImpl.invoke0(Native Method)
	at java.base/jdk.internal.reflect.NativeMethodAccessorImpl.invoke(NativeMethodAccessorImpl.java:77)
	at java.base/jdk.internal.reflect.DelegatingMethodAccessorImpl.invoke(DelegatingMethodAccessorImpl.java:43)
	at java.base/java.lang.reflect.Method.invoke(Method.java:568)
	at org.testng.internal.invokers.MethodInvocationHelper.invokeMethod(MethodInvocationHelper.java:139)
	at org.testng.internal.invokers.TestInvoker.invokeMethod(TestInvoker.java:664)
	at org.testng.internal.invokers.TestInvoker.invokeTestMethod(TestInvoker.java:228)
	at org.testng.internal.invokers.MethodRunner.runInSequence(MethodRunner.java:63)
	at org.testng.internal.invokers.TestInvoker$MethodInvocationAgent.invoke(TestInvoker.java:961)
	at org.testng.internal.invokers.TestInvoker.invokeTestMethods(TestInvoker.java:201)
	at org.testng.internal.invokers.TestMethodWorker.invokeTestMethods(TestMethodWorker.java:148)
	at org.testng.internal.invokers.TestMethodWorker.run(TestMethodWorker.java:128)
	at java.base/java.util.ArrayList.forEach(ArrayList.java:1511)
	at org.testng.TestRunner.privateRun(TestRunner.java:819)
	at org.testng.TestRunner.run(TestRunner.java:619)
	at org.testng.SuiteRunner.runTest(SuiteRunner.java:443)
	at org.testng.SuiteRunner$SuiteWorker.run(SuiteRunner.java:481)
	at org.testng.internal.thread.ThreadUtil.lambda$execute$0(ThreadUtil.java:58)
	at java.base/java.util.concurrent.FutureTask.run(FutureTask.java:264)
	at java.base/java.util.concurrent.ThreadPoolExecutor.runWorker(ThreadPoolExecutor.java:1136)
	at java.base/java.util.concurrent.ThreadPoolExecutor$Worker.run(ThreadPoolExecutor.java:635)
	at java.base/java.lang.Thread.run(Thread.java:842)
]]></failure>
    <system-out><![CDATA[02:34:21.120 INFO  [ TestNG-tests-1] &amp#27;[36mc.a.p.f.FlightConfirmationPage&amp#27;[0;39m : Flight Confirmation number : 2024-2-1707253457714
02:34:21.121 INFO  [ TestNG-tests-1] &amp#27;[36mc.a.p.f.FlightConfirmationPage&amp#27;[0;39m : Flight Total price : $584 USD
]]></system-out>
  </testcase>
  <testcase name="flightReservationConfirmationTest" classname="com.atharvahiwase07.tests.flightreservation.FlightReservationTest" time="0.158">
    <system-out><![CDATA[02:34:21.153 INFO  [ TestNG-tests-2] &amp#27;[36mc.a.p.f.FlightConfirmationPage&amp#27;[0;39m : Flight Confirmation number : 2024-2-1707253456853
02:34:21.154 INFO  [ TestNG-tests-2] &amp#27;[36mc.a.p.f.FlightConfirmationPage&amp#27;[0;39m : Flight Total price : $1169 USD
]]></system-out>
  </testcase>
  <testcase name="flightReservationConfirmationTest" classname="com.atharvahiwase07.tests.flightreservation.FlightReservationTest" time="0.158">
    <system-out><![CDATA[02:34:50.344 INFO  [ TestNG-tests-2] &amp#27;[36mc.a.p.f.FlightConfirmationPage&amp#27;[0;39m : Flight Confirmation number : 2024-2-1707253486853
02:34:50.344 INFO  [ TestNG-tests-1] &amp#27;[36mc.a.p.f.FlightConfirmationPage&amp#27;[0;39m : Flight Confirmation number : 2024-2-1707253486001
02:34:50.344 INFO  [ TestNG-tests-2] &amp#27;[36mc.a.p.f.FlightConfirmationPage&amp#27;[0;39m : Flight Total price : $1753 USD
02:34:50.344 INFO  [ TestNG-tests-1] &amp#27;[36mc.a.p.f.FlightConfirmationPage&amp#27;[0;39m : Flight Total price : $2338 USD
]]></system-out>
  </testcase>
  <testcase name="flightReservationConfirmationTest" classname="com.atharvahiwase07.tests.flightreservation.FlightReservationTest" time="0.158"/>
</testsuite>