<?xml version="1.0" encoding="UTF-8"?>
<testsuite xmlns:xsi="http://www.w3.org/2001/XMLSchema-instance" xsi:noNamespaceSchemaLocation="https://maven.apache.org/surefire/maven-surefire-plugin/xsd/surefire-test-report-3.0.xsd" version="3.0" name="TestSuite" time="45.716" tests="20" errors="0" skipped="0" failures="0">
  <properties>
[...]
</properties>
  <testcase name="userRegistrationTest" classname="com.atharvahiwase07.tests.flightreservation.FlightReservationTest" time="2.556">
    <system-out><![CDATA[04:11:33.391 INFO  [ TestNG-tests-1] &amp#27;[36mi.g.b.wdm.WebDriverManager    &amp#27;[0;39m : Using chromedriver 119.0.6045.105 (resolved driver for Chrome 119)
04:11:33.415 INFO  [ TestNG-tests-1] &amp#27;[36mi.g.b.wdm.WebDriverManager    &amp#27;[0;39m : Exporting webdriver.chrome.driver as /home/taxidriver/.cache/selenium/chromedriver/linux64/119.0.6045.105/chromedriver
04:11:35.854 INFO  [ TestNG-tests-1] &amp#27;[36mc.a.utils.ResourceLoader      &amp#27;[0;39m : reading resource from location: test-data/flight-reservation/passenger-1.json
micheal
]]></system-out>
    <system-err><![CDATA[Feb 03, 2024 4:11:35 AM org.openqa.selenium.devtools.CdpVersionFinder findNearestMatch
WARNING: Unable to find an exact match for CDP version 119, so returning the closest version found: 115
]]></system-err>
  </testcase>
  <testcase name="userRegistrationTest" classname="com.atharvahiwase07.tests.flightreservation.FlightReservationTest" time="2.311">
    <system-out><![CDATA[04:11:44.894 INFO  [ TestNG-tests-1] &amp#27;[36mi.g.b.wdm.WebDriverManager    &amp#27;[0;39m : Using chromedriver 119.0.6045.105 (resolved driver for Chrome 119)
04:11:44.901 INFO  [ TestNG-tests-1] &amp#27;[36mi.g.b.wdm.WebDriverManager    &amp#27;[0;39m : Exporting webdriver.chrome.driver as /home/taxidriver/.cache/selenium/chromedriver/linux64/119.0.6045.105/chromedriver
04:11:46.443 INFO  [ TestNG-tests-1] &amp#27;[36mc.a.utils.ResourceLoader      &amp#27;[0;39m : reading resource from location: test-data/flight-reservation/passenger-2.json
marshall
]]></system-out>
    <system-err><![CDATA[Feb 03, 2024 4:11:46 AM org.openqa.selenium.devtools.CdpVersionFinder findNearestMatch
WARNING: Unable to find an exact match for CDP version 119, so returning the closest version found: 115
]]></system-err>
  </testcase>
  <testcase name="userRegistrationTest" classname="com.atharvahiwase07.tests.flightreservation.FlightReservationTest" time="2.589">
    <system-out><![CDATA[04:11:55.021 INFO  [ TestNG-tests-1] &amp#27;[36mi.g.b.wdm.WebDriverManager    &amp#27;[0;39m : Using chromedriver 119.0.6045.105 (resolved driver for Chrome 119)
04:11:55.089 INFO  [ TestNG-tests-1] &amp#27;[36mi.g.b.wdm.WebDriverManager    &amp#27;[0;39m : Exporting webdriver.chrome.driver as /home/taxidriver/.cache/selenium/chromedriver/linux64/119.0.6045.105/chromedriver
04:11:56.986 INFO  [ TestNG-tests-1] &amp#27;[36mc.a.utils.ResourceLoader      &amp#27;[0;39m : reading resource from location: test-data/flight-reservation/passenger-3.json
atharva
]]></system-out>
    <system-err><![CDATA[Feb 03, 2024 4:11:56 AM org.openqa.selenium.devtools.CdpVersionFinder findNearestMatch
WARNING: Unable to find an exact match for CDP version 119, so returning the closest version found: 115
]]></system-err>
  </testcase>
  <testcase name="userRegistrationTest" classname="com.atharvahiwase07.tests.flightreservation.FlightReservationTest" time="2.336">
    <system-out><![CDATA[04:12:05.547 INFO  [ TestNG-tests-1] &amp#27;[36mi.g.b.wdm.WebDriverManager    &amp#27;[0;39m : Using chromedriver 119.0.6045.105 (resolved driver for Chrome 119)
04:12:05.551 INFO  [ TestNG-tests-1] &amp#27;[36mi.g.b.wdm.WebDriverManager    &amp#27;[0;39m : Exporting webdriver.chrome.driver as /home/taxidriver/.cache/selenium/chromedriver/linux64/119.0.6045.105/chromedriver
04:12:06.776 INFO  [ TestNG-tests-1] &amp#27;[36mc.a.utils.ResourceLoader      &amp#27;[0;39m : reading resource from location: test-data/flight-reservation/passenger-4.json
barney
]]></system-out>
    <system-err><![CDATA[Feb 03, 2024 4:12:06 AM org.openqa.selenium.devtools.CdpVersionFinder findNearestMatch
WARNING: Unable to find an exact match for CDP version 119, so returning the closest version found: 115
]]></system-err>
  </testcase>
  <testcase name="registrationConfirmationTest" classname="com.atharvahiwase07.tests.flightreservation.FlightReservationTest" time="1.885"/>
  <testcase name="registrationConfirmationTest" classname="com.atharvahiwase07.tests.flightreservation.FlightReservationTest" time="1.291"/>
  <testcase name="registrationConfirmationTest" classname="com.atharvahiwase07.tests.flightreservation.FlightReservationTest" time="0.725"/>
  <testcase name="registrationConfirmationTest" classname="com.atharvahiwase07.tests.flightreservation.FlightReservationTest" time="1.776"/>
  <testcase name="flightsSearchTest" classname="com.atharvahiwase07.tests.flightreservation.FlightReservationTest" time="0.888"/>
  <testcase name="flightsSearchTest" classname="com.atharvahiwase07.tests.flightreservation.FlightReservationTest" time="0.907"/>
  <testcase name="flightsSearchTest" classname="com.atharvahiwase07.tests.flightreservation.FlightReservationTest" time="0.934"/>
  <testcase name="flightsSearchTest" classname="com.atharvahiwase07.tests.flightreservation.FlightReservationTest" time="1.967"/>
  <testcase name="flightSelectionTest" classname="com.atharvahiwase07.tests.flightreservation.FlightReservationTest" time="1.981"/>
  <testcase name="flightSelectionTest" classname="com.atharvahiwase07.tests.flightreservation.FlightReservationTest" time="1.473"/>
  <testcase name="flightSelectionTest" classname="com.atharvahiwase07.tests.flightreservation.FlightReservationTest" time="2.424"/>
  <testcase name="flightSelectionTest" classname="com.atharvahiwase07.tests.flightreservation.FlightReservationTest" time="1.932"/>
  <testcase name="flightReservationConfirmationTest" classname="com.atharvahiwase07.tests.flightreservation.FlightReservationTest" time="1.243">
    <system-out><![CDATA[04:11:44.541 INFO  [ TestNG-tests-1] &amp#27;[36mc.a.p.f.FlightConfirmationPage&amp#27;[0;39m : Flight Confirmation number : 2024-2-1706913704011
04:11:44.541 INFO  [ TestNG-tests-1] &amp#27;[36mc.a.p.f.FlightConfirmationPage&amp#27;[0;39m : Flight Total price : $584 USD
]]></system-out>
  </testcase>
  <testcase name="flightReservationConfirmationTest" classname="com.atharvahiwase07.tests.flightreservation.FlightReservationTest" time="2.333">
    <system-out><![CDATA[04:11:54.762 INFO  [ TestNG-tests-1] &amp#27;[36mc.a.p.f.FlightConfirmationPage&amp#27;[0;39m : Flight Confirmation number : 2024-2-1706913714352
04:11:54.762 INFO  [ TestNG-tests-1] &amp#27;[36mc.a.p.f.FlightConfirmationPage&amp#27;[0;39m : Flight Total price : $1169 USD
]]></system-out>
  </testcase>
  <testcase name="flightReservationConfirmationTest" classname="com.atharvahiwase07.tests.flightreservation.FlightReservationTest" time="1.729">
    <system-out><![CDATA[04:12:05.396 INFO  [ TestNG-tests-1] &amp#27;[36mc.a.p.f.FlightConfirmationPage&amp#27;[0;39m : Flight Confirmation number : 2024-2-1706913724922
04:12:05.397 INFO  [ TestNG-tests-1] &amp#27;[36mc.a.p.f.FlightConfirmationPage&amp#27;[0;39m : Flight Total price : $1753 USD
]]></system-out>
  </testcase>
  <testcase name="flightReservationConfirmationTest" classname="com.atharvahiwase07.tests.flightreservation.FlightReservationTest" time="2.275">
    <system-out><![CDATA[04:12:17.093 INFO  [ TestNG-tests-1] &amp#27;[36mc.a.p.f.FlightConfirmationPage&amp#27;[0;39m : Flight Confirmation number : 2024-2-1706913736711
04:12:17.093 INFO  [ TestNG-tests-1] &amp#27;[36mc.a.p.f.FlightConfirmationPage&amp#27;[0;39m : Flight Total price : $2338 USD
]]></system-out>
  </testcase>
</testsuite>