<?xml version="1.0" encoding="UTF-8"?>
<testng-results ignored="0" total="20" passed="20" failed="0" skipped="0">
  <reporter-output>
  </reporter-output>
  <suite started-at="2024-02-03T04:11:32 IST" name="flight-reservation" finished-at="2024-02-03T04:12:17 IST" duration-ms="44503">
    <groups>
    </groups>
    <test started-at="2024-02-03T04:11:32 IST" name="passengers-count-1" finished-at="2024-02-03T04:11:44 IST" duration-ms="12008">
      <class name="com.atharvahiwase07.tests.flightreservation.FlightReservationTest">
        <test-method is-config="true" signature="setDriver()[pri:0, instance:com.atharvahiwase07.tests.flightreservation.FlightReservationTest@1a6d8329]" started-at="2024-02-03T04:11:32 IST" name="setDriver" finished-at="2024-02-03T04:11:35 IST" duration-ms="2902" status="PASS">
          <reporter-output>
          </reporter-output>
        </test-method> <!-- setDriver -->
        <test-method is-config="true" signature="setParameters(java.lang.String)[pri:0, instance:com.atharvahiwase07.tests.flightreservation.FlightReservationTest@1a6d8329]" started-at="2024-02-03T04:11:35 IST" name="setParameters" finished-at="2024-02-03T04:11:35 IST" depends-on-methods="com.atharvahiwase07.tests.AbstractTest.setDriver" duration-ms="316" status="PASS">
          <params>
            <param index="0">
              <value>
                <![CDATA[test-data/flight-reservation/passenger-1.json]]>
              </value>
            </param>
          </params>
          <reporter-output>
          </reporter-output>
        </test-method> <!-- setParameters -->
        <test-method signature="userRegistrationTest()[pri:0, instance:com.atharvahiwase07.tests.flightreservation.FlightReservationTest@1a6d8329]" started-at="2024-02-03T04:11:35 IST" name="userRegistrationTest" finished-at="2024-02-03T04:11:38 IST" duration-ms="2556" status="PASS">
          <reporter-output>
          </reporter-output>
        </test-method> <!-- userRegistrationTest -->
        <test-method signature="registrationConfirmationTest()[pri:0, instance:com.atharvahiwase07.tests.flightreservation.FlightReservationTest@1a6d8329]" started-at="2024-02-03T04:11:38 IST" name="registrationConfirmationTest" finished-at="2024-02-03T04:11:40 IST" depends-on-methods="com.atharvahiwase07.tests.flightreservation.FlightReservationTest.userRegistrationTest" duration-ms="1879" status="PASS">
          <reporter-output>
          </reporter-output>
        </test-method> <!-- registrationConfirmationTest -->
        <test-method signature="flightsSearchTest()[pri:0, instance:com.atharvahiwase07.tests.flightreservation.FlightReservationTest@1a6d8329]" started-at="2024-02-03T04:11:40 IST" name="flightsSearchTest" finished-at="2024-02-03T04:11:41 IST" depends-on-methods="com.atharvahiwase07.tests.flightreservation.FlightReservationTest.registrationConfirmationTest" duration-ms="888" status="PASS">
          <reporter-output>
          </reporter-output>
        </test-method> <!-- flightsSearchTest -->
        <test-method signature="flightSelectionTest()[pri:0, instance:com.atharvahiwase07.tests.flightreservation.FlightReservationTest@1a6d8329]" started-at="2024-02-03T04:11:41 IST" name="flightSelectionTest" finished-at="2024-02-03T04:11:43 IST" depends-on-methods="com.atharvahiwase07.tests.flightreservation.FlightReservationTest.flightsSearchTest" duration-ms="1982" status="PASS">
          <reporter-output>
          </reporter-output>
        </test-method> <!-- flightSelectionTest -->
        <test-method signature="flightReservationConfirmationTest()[pri:0, instance:com.atharvahiwase07.tests.flightreservation.FlightReservationTest@1a6d8329]" started-at="2024-02-03T04:11:43 IST" name="flightReservationConfirmationTest" finished-at="2024-02-03T04:11:44 IST" depends-on-methods="com.atharvahiwase07.tests.flightreservation.FlightReservationTest.flightSelectionTest" duration-ms="1238" status="PASS">
          <reporter-output>
          </reporter-output>
        </test-method> <!-- flightReservationConfirmationTest -->
        <test-method is-config="true" signature="quitDriver()[pri:0, instance:com.atharvahiwase07.tests.flightreservation.FlightReservationTest@1a6d8329]" started-at="2024-02-03T04:11:44 IST" name="quitDriver" finished-at="2024-02-03T04:11:44 IST" duration-ms="206" status="PASS">
          <reporter-output>
          </reporter-output>
        </test-method> <!-- quitDriver -->
      </class> <!-- com.atharvahiwase07.tests.flightreservation.FlightReservationTest -->
    </test> <!-- passengers-count-1 -->
    <test started-at="2024-02-03T04:11:44 IST" name="passengers-count-2" finished-at="2024-02-03T04:11:54 IST" duration-ms="10102">
      <class name="com.atharvahiwase07.tests.flightreservation.FlightReservationTest">
        <test-method is-config="true" signature="setDriver()[pri:0, instance:com.atharvahiwase07.tests.flightreservation.FlightReservationTest@117159c0]" started-at="2024-02-03T04:11:44 IST" name="setDriver" finished-at="2024-02-03T04:11:46 IST" duration-ms="1594" status="PASS">
          <reporter-output>
          </reporter-output>
        </test-method> <!-- setDriver -->
        <test-method is-config="true" signature="setParameters(java.lang.String)[pri:0, instance:com.atharvahiwase07.tests.flightreservation.FlightReservationTest@117159c0]" started-at="2024-02-03T04:11:46 IST" name="setParameters" finished-at="2024-02-03T04:11:46 IST" depends-on-methods="com.atharvahiwase07.tests.AbstractTest.setDriver" duration-ms="1" status="PASS">
          <params>
            <param index="0">
              <value>
                <![CDATA[test-data/flight-reservation/passenger-2.json]]>
              </value>
            </param>
          </params>
          <reporter-output>
          </reporter-output>
        </test-method> <!-- setParameters -->
        <test-method signature="userRegistrationTest()[pri:0, instance:com.atharvahiwase07.tests.flightreservation.FlightReservationTest@117159c0]" started-at="2024-02-03T04:11:46 IST" name="userRegistrationTest" finished-at="2024-02-03T04:11:48 IST" duration-ms="2305" status="PASS">
          <reporter-output>
          </reporter-output>
        </test-method> <!-- userRegistrationTest -->
        <test-method signature="registrationConfirmationTest()[pri:0, instance:com.atharvahiwase07.tests.flightreservation.FlightReservationTest@117159c0]" started-at="2024-02-03T04:11:48 IST" name="registrationConfirmationTest" finished-at="2024-02-03T04:11:50 IST" depends-on-methods="com.atharvahiwase07.tests.flightreservation.FlightReservationTest.userRegistrationTest" duration-ms="1295" status="PASS">
          <reporter-output>
          </reporter-output>
        </test-method> <!-- registrationConfirmationTest -->
        <test-method signature="flightsSearchTest()[pri:0, instance:com.atharvahiwase07.tests.flightreservation.FlightReservationTest@117159c0]" started-at="2024-02-03T04:11:50 IST" name="flightsSearchTest" finished-at="2024-02-03T04:11:50 IST" depends-on-methods="com.atharvahiwase07.tests.flightreservation.FlightReservationTest.registrationConfirmationTest" duration-ms="906" status="PASS">
          <reporter-output>
          </reporter-output>
        </test-method> <!-- flightsSearchTest -->
        <test-method signature="flightSelectionTest()[pri:0, instance:com.atharvahiwase07.tests.flightreservation.FlightReservationTest@117159c0]" started-at="2024-02-03T04:11:50 IST" name="flightSelectionTest" finished-at="2024-02-03T04:11:52 IST" depends-on-methods="com.atharvahiwase07.tests.flightreservation.FlightReservationTest.flightsSearchTest" duration-ms="1474" status="PASS">
          <reporter-output>
          </reporter-output>
        </test-method> <!-- flightSelectionTest -->
        <test-method signature="flightReservationConfirmationTest()[pri:0, instance:com.atharvahiwase07.tests.flightreservation.FlightReservationTest@117159c0]" started-at="2024-02-03T04:11:52 IST" name="flightReservationConfirmationTest" finished-at="2024-02-03T04:11:54 IST" depends-on-methods="com.atharvahiwase07.tests.flightreservation.FlightReservationTest.flightSelectionTest" duration-ms="2330" status="PASS">
          <reporter-output>
          </reporter-output>
        </test-method> <!-- flightReservationConfirmationTest -->
        <test-method is-config="true" signature="quitDriver()[pri:0, instance:com.atharvahiwase07.tests.flightreservation.FlightReservationTest@117159c0]" started-at="2024-02-03T04:11:54 IST" name="quitDriver" finished-at="2024-02-03T04:11:54 IST" duration-ms="189" status="PASS">
          <reporter-output>
          </reporter-output>
        </test-method> <!-- quitDriver -->
      </class> <!-- com.atharvahiwase07.tests.flightreservation.FlightReservationTest -->
    </test> <!-- passengers-count-2 -->
    <test started-at="2024-02-03T04:11:54 IST" name="passengers-count-3" finished-at="2024-02-03T04:12:05 IST" duration-ms="10559">
      <class name="com.atharvahiwase07.tests.flightreservation.FlightReservationTest">
        <test-method is-config="true" signature="setDriver()[pri:0, instance:com.atharvahiwase07.tests.flightreservation.FlightReservationTest@7ef82753]" started-at="2024-02-03T04:11:54 IST" name="setDriver" finished-at="2024-02-03T04:11:56 IST" duration-ms="2026" status="PASS">
          <reporter-output>
          </reporter-output>
        </test-method> <!-- setDriver -->
        <test-method is-config="true" signature="setParameters(java.lang.String)[pri:0, instance:com.atharvahiwase07.tests.flightreservation.FlightReservationTest@7ef82753]" started-at="2024-02-03T04:11:56 IST" name="setParameters" finished-at="2024-02-03T04:11:56 IST" depends-on-methods="com.atharvahiwase07.tests.AbstractTest.setDriver" duration-ms="9" status="PASS">
          <params>
            <param index="0">
              <value>
                <![CDATA[test-data/flight-reservation/passenger-3.json]]>
              </value>
            </param>
          </params>
          <reporter-output>
          </reporter-output>
        </test-method> <!-- setParameters -->
        <test-method signature="userRegistrationTest()[pri:0, instance:com.atharvahiwase07.tests.flightreservation.FlightReservationTest@7ef82753]" started-at="2024-02-03T04:11:56 IST" name="userRegistrationTest" finished-at="2024-02-03T04:11:59 IST" duration-ms="2591" status="PASS">
          <reporter-output>
          </reporter-output>
        </test-method> <!-- userRegistrationTest -->
        <test-method signature="registrationConfirmationTest()[pri:0, instance:com.atharvahiwase07.tests.flightreservation.FlightReservationTest@7ef82753]" started-at="2024-02-03T04:11:59 IST" name="registrationConfirmationTest" finished-at="2024-02-03T04:12:00 IST" depends-on-methods="com.atharvahiwase07.tests.flightreservation.FlightReservationTest.userRegistrationTest" duration-ms="726" status="PASS">
          <reporter-output>
          </reporter-output>
        </test-method> <!-- registrationConfirmationTest -->
        <test-method signature="flightsSearchTest()[pri:0, instance:com.atharvahiwase07.tests.flightreservation.FlightReservationTest@7ef82753]" started-at="2024-02-03T04:12:00 IST" name="flightsSearchTest" finished-at="2024-02-03T04:12:01 IST" depends-on-methods="com.atharvahiwase07.tests.flightreservation.FlightReservationTest.registrationConfirmationTest" duration-ms="932" status="PASS">
          <reporter-output>
          </reporter-output>
        </test-method> <!-- flightsSearchTest -->
        <test-method signature="flightSelectionTest()[pri:0, instance:com.atharvahiwase07.tests.flightreservation.FlightReservationTest@7ef82753]" started-at="2024-02-03T04:12:01 IST" name="flightSelectionTest" finished-at="2024-02-03T04:12:03 IST" depends-on-methods="com.atharvahiwase07.tests.flightreservation.FlightReservationTest.flightsSearchTest" duration-ms="2427" status="PASS">
          <reporter-output>
          </reporter-output>
        </test-method> <!-- flightSelectionTest -->
        <test-method signature="flightReservationConfirmationTest()[pri:0, instance:com.atharvahiwase07.tests.flightreservation.FlightReservationTest@7ef82753]" started-at="2024-02-03T04:12:03 IST" name="flightReservationConfirmationTest" finished-at="2024-02-03T04:12:05 IST" depends-on-methods="com.atharvahiwase07.tests.flightreservation.FlightReservationTest.flightSelectionTest" duration-ms="1720" status="PASS">
          <reporter-output>
          </reporter-output>
        </test-method> <!-- flightReservationConfirmationTest -->
        <test-method is-config="true" signature="quitDriver()[pri:0, instance:com.atharvahiwase07.tests.flightreservation.FlightReservationTest@7ef82753]" started-at="2024-02-03T04:12:05 IST" name="quitDriver" finished-at="2024-02-03T04:12:05 IST" duration-ms="121" status="PASS">
          <reporter-output>
          </reporter-output>
        </test-method> <!-- quitDriver -->
      </class> <!-- com.atharvahiwase07.tests.flightreservation.FlightReservationTest -->
    </test> <!-- passengers-count-3 -->
    <test started-at="2024-02-03T04:12:05 IST" name="passengers-count-4" finished-at="2024-02-03T04:12:17 IST" duration-ms="11723">
      <class name="com.atharvahiwase07.tests.flightreservation.FlightReservationTest">
        <test-method is-config="true" signature="setDriver()[pri:0, instance:com.atharvahiwase07.tests.flightreservation.FlightReservationTest@235ecd9f]" started-at="2024-02-03T04:12:05 IST" name="setDriver" finished-at="2024-02-03T04:12:06 IST" duration-ms="1242" status="PASS">
          <reporter-output>
          </reporter-output>
        </test-method> <!-- setDriver -->
        <test-method is-config="true" signature="setParameters(java.lang.String)[pri:0, instance:com.atharvahiwase07.tests.flightreservation.FlightReservationTest@235ecd9f]" started-at="2024-02-03T04:12:06 IST" name="setParameters" finished-at="2024-02-03T04:12:06 IST" depends-on-methods="com.atharvahiwase07.tests.AbstractTest.setDriver" duration-ms="14" status="PASS">
          <params>
            <param index="0">
              <value>
                <![CDATA[test-data/flight-reservation/passenger-4.json]]>
              </value>
            </param>
          </params>
          <reporter-output>
          </reporter-output>
        </test-method> <!-- setParameters -->
        <test-method signature="userRegistrationTest()[pri:0, instance:com.atharvahiwase07.tests.flightreservation.FlightReservationTest@235ecd9f]" started-at="2024-02-03T04:12:06 IST" name="userRegistrationTest" finished-at="2024-02-03T04:12:09 IST" duration-ms="2340" status="PASS">
          <reporter-output>
          </reporter-output>
        </test-method> <!-- userRegistrationTest -->
        <test-method signature="registrationConfirmationTest()[pri:0, instance:com.atharvahiwase07.tests.flightreservation.FlightReservationTest@235ecd9f]" started-at="2024-02-03T04:12:09 IST" name="registrationConfirmationTest" finished-at="2024-02-03T04:12:10 IST" depends-on-methods="com.atharvahiwase07.tests.flightreservation.FlightReservationTest.userRegistrationTest" duration-ms="1779" status="PASS">
          <reporter-output>
          </reporter-output>
        </test-method> <!-- registrationConfirmationTest -->
        <test-method signature="flightsSearchTest()[pri:0, instance:com.atharvahiwase07.tests.flightreservation.FlightReservationTest@235ecd9f]" started-at="2024-02-03T04:12:10 IST" name="flightsSearchTest" finished-at="2024-02-03T04:12:12 IST" depends-on-methods="com.atharvahiwase07.tests.flightreservation.FlightReservationTest.registrationConfirmationTest" duration-ms="1972" status="PASS">
          <reporter-output>
          </reporter-output>
        </test-method> <!-- flightsSearchTest -->
        <test-method signature="flightSelectionTest()[pri:0, instance:com.atharvahiwase07.tests.flightreservation.FlightReservationTest@235ecd9f]" started-at="2024-02-03T04:12:12 IST" name="flightSelectionTest" finished-at="2024-02-03T04:12:14 IST" depends-on-methods="com.atharvahiwase07.tests.flightreservation.FlightReservationTest.flightsSearchTest" duration-ms="1930" status="PASS">
          <reporter-output>
          </reporter-output>
        </test-method> <!-- flightSelectionTest -->
        <test-method signature="flightReservationConfirmationTest()[pri:0, instance:com.atharvahiwase07.tests.flightreservation.FlightReservationTest@235ecd9f]" started-at="2024-02-03T04:12:14 IST" name="flightReservationConfirmationTest" finished-at="2024-02-03T04:12:17 IST" depends-on-methods="com.atharvahiwase07.tests.flightreservation.FlightReservationTest.flightSelectionTest" duration-ms="2256" status="PASS">
          <reporter-output>
          </reporter-output>
        </test-method> <!-- flightReservationConfirmationTest -->
        <test-method is-config="true" signature="quitDriver()[pri:0, instance:com.atharvahiwase07.tests.flightreservation.FlightReservationTest@235ecd9f]" started-at="2024-02-03T04:12:17 IST" name="quitDriver" finished-at="2024-02-03T04:12:17 IST" duration-ms="152" status="PASS">
          <reporter-output>
          </reporter-output>
        </test-method> <!-- quitDriver -->
      </class> <!-- com.atharvahiwase07.tests.flightreservation.FlightReservationTest -->
    </test> <!-- passengers-count-4 -->
  </suite> <!-- flight-reservation -->
</testng-results>
