<?xml version="1.0" encoding="UTF-8"?>
<testng-results ignored="0" total="9" passed="9" failed="0" skipped="0">
  <reporter-output>
  </reporter-output>
  <suite started-at="2024-02-10T19:45:49 IST" name="vendor-portal" finished-at="2024-02-10T19:46:12 IST" duration-ms="23510">
    <groups>
    </groups>
    <test started-at="2024-02-10T19:45:49 IST" name="user-john" finished-at="2024-02-10T19:46:11 IST" duration-ms="21729">
      <class name="com.atharvahiwase07.tests.vendorPortal.VendorPortalTest">
        <test-method is-config="true" signature="setUpConfig()[pri:0, instance:com.atharvahiwase07.tests.vendorPortal.VendorPortalTest@5677323c]" started-at="2024-02-10T19:45:49 IST" name="setUpConfig" finished-at="2024-02-10T19:45:49 IST" duration-ms="16" status="PASS">
          <reporter-output>
          </reporter-output>
        </test-method> <!-- setUpConfig -->
        <test-method is-config="true" signature="setDriver(org.testng.ITestContext)[pri:0, instance:com.atharvahiwase07.tests.vendorPortal.VendorPortalTest@5677323c]" started-at="2024-02-10T19:45:49 IST" name="setDriver" finished-at="2024-02-10T19:45:50 IST" duration-ms="1472" status="PASS">
          <params>
            <param index="0">
              <value>
                <![CDATA[org.testng.TestRunner@1a245833]]>
              </value>
            </param>
          </params>
          <reporter-output>
          </reporter-output>
        </test-method> <!-- setDriver -->
        <test-method is-config="true" signature="setPageObjects(java.lang.String)[pri:0, instance:com.atharvahiwase07.tests.vendorPortal.VendorPortalTest@5677323c]" started-at="2024-02-10T19:45:50 IST" name="setPageObjects" finished-at="2024-02-10T19:45:51 IST" depends-on-methods="com.atharvahiwase07.tests.AbstractTest.setDriver" duration-ms="467" status="PASS">
          <params>
            <param index="0">
              <value>
                <![CDATA[test-data/vendor-portal/john.json]]>
              </value>
            </param>
          </params>
          <reporter-output>
          </reporter-output>
        </test-method> <!-- setPageObjects -->
        <test-method signature="loginTest()[pri:0, instance:com.atharvahiwase07.tests.vendorPortal.VendorPortalTest@5677323c]" started-at="2024-02-10T19:45:51 IST" name="loginTest" finished-at="2024-02-10T19:45:54 IST" duration-ms="2762" status="PASS">
          <reporter-output>
          </reporter-output>
        </test-method> <!-- loginTest -->
        <test-method is-config="true" signature="sleep()[pri:0, instance:com.atharvahiwase07.tests.vendorPortal.VendorPortalTest@5677323c]" started-at="2024-02-10T19:45:54 IST" name="sleep" finished-at="2024-02-10T19:45:59 IST" duration-ms="5014" status="PASS">
          <reporter-output>
          </reporter-output>
        </test-method> <!-- sleep -->
        <test-method signature="dashboardTest()[pri:0, instance:com.atharvahiwase07.tests.vendorPortal.VendorPortalTest@5677323c]" started-at="2024-02-10T19:45:59 IST" name="dashboardTest" finished-at="2024-02-10T19:45:59 IST" depends-on-methods="com.atharvahiwase07.tests.vendorPortal.VendorPortalTest.loginTest" duration-ms="399" status="PASS">
          <reporter-output>
          </reporter-output>
        </test-method> <!-- dashboardTest -->
        <test-method is-config="true" signature="sleep()[pri:0, instance:com.atharvahiwase07.tests.vendorPortal.VendorPortalTest@5677323c]" started-at="2024-02-10T19:45:59 IST" name="sleep" finished-at="2024-02-10T19:46:04 IST" duration-ms="5011" status="PASS">
          <reporter-output>
          </reporter-output>
        </test-method> <!-- sleep -->
        <test-method signature="logoutTest()[pri:0, instance:com.atharvahiwase07.tests.vendorPortal.VendorPortalTest@5677323c]" started-at="2024-02-10T19:46:04 IST" name="logoutTest" finished-at="2024-02-10T19:46:05 IST" depends-on-methods="com.atharvahiwase07.tests.vendorPortal.VendorPortalTest.dashboardTest" duration-ms="1415" status="PASS">
          <reporter-output>
          </reporter-output>
        </test-method> <!-- logoutTest -->
        <test-method is-config="true" signature="sleep()[pri:0, instance:com.atharvahiwase07.tests.vendorPortal.VendorPortalTest@5677323c]" started-at="2024-02-10T19:46:05 IST" name="sleep" finished-at="2024-02-10T19:46:10 IST" duration-ms="5010" status="PASS">
          <reporter-output>
          </reporter-output>
        </test-method> <!-- sleep -->
        <test-method is-config="true" signature="quitDriver()[pri:0, instance:com.atharvahiwase07.tests.vendorPortal.VendorPortalTest@5677323c]" started-at="2024-02-10T19:46:10 IST" name="quitDriver" finished-at="2024-02-10T19:46:11 IST" duration-ms="143" status="PASS">
          <reporter-output>
          </reporter-output>
        </test-method> <!-- quitDriver -->
      </class> <!-- com.atharvahiwase07.tests.vendorPortal.VendorPortalTest -->
    </test> <!-- user-john -->
    <test started-at="2024-02-10T19:45:49 IST" name="user-sam" finished-at="2024-02-10T19:46:11 IST" duration-ms="22403">
      <class name="com.atharvahiwase07.tests.vendorPortal.VendorPortalTest">
        <test-method is-config="true" signature="setDriver(org.testng.ITestContext)[pri:0, instance:com.atharvahiwase07.tests.vendorPortal.VendorPortalTest@36916eb0]" started-at="2024-02-10T19:45:49 IST" name="setDriver" finished-at="2024-02-10T19:45:52 IST" duration-ms="3311" status="PASS">
          <params>
            <param index="0">
              <value>
                <![CDATA[org.testng.TestRunner@6f01b95f]]>
              </value>
            </param>
          </params>
          <reporter-output>
          </reporter-output>
        </test-method> <!-- setDriver -->
        <test-method is-config="true" signature="setPageObjects(java.lang.String)[pri:0, instance:com.atharvahiwase07.tests.vendorPortal.VendorPortalTest@36916eb0]" started-at="2024-02-10T19:45:52 IST" name="setPageObjects" finished-at="2024-02-10T19:45:52 IST" depends-on-methods="com.atharvahiwase07.tests.AbstractTest.setDriver" duration-ms="12" status="PASS">
          <params>
            <param index="0">
              <value>
                <![CDATA[test-data/vendor-portal/sam.json]]>
              </value>
            </param>
          </params>
          <reporter-output>
          </reporter-output>
        </test-method> <!-- setPageObjects -->
        <test-method signature="loginTest()[pri:0, instance:com.atharvahiwase07.tests.vendorPortal.VendorPortalTest@36916eb0]" started-at="2024-02-10T19:45:52 IST" name="loginTest" finished-at="2024-02-10T19:45:54 IST" duration-ms="1770" status="PASS">
          <reporter-output>
          </reporter-output>
        </test-method> <!-- loginTest -->
        <test-method is-config="true" signature="sleep()[pri:0, instance:com.atharvahiwase07.tests.vendorPortal.VendorPortalTest@36916eb0]" started-at="2024-02-10T19:45:54 IST" name="sleep" finished-at="2024-02-10T19:45:59 IST" duration-ms="5001" status="PASS">
          <reporter-output>
          </reporter-output>
        </test-method> <!-- sleep -->
        <test-method signature="dashboardTest()[pri:0, instance:com.atharvahiwase07.tests.vendorPortal.VendorPortalTest@36916eb0]" started-at="2024-02-10T19:45:59 IST" name="dashboardTest" finished-at="2024-02-10T19:45:59 IST" depends-on-methods="com.atharvahiwase07.tests.vendorPortal.VendorPortalTest.loginTest" duration-ms="330" status="PASS">
          <reporter-output>
          </reporter-output>
        </test-method> <!-- dashboardTest -->
        <test-method is-config="true" signature="sleep()[pri:0, instance:com.atharvahiwase07.tests.vendorPortal.VendorPortalTest@36916eb0]" started-at="2024-02-10T19:45:59 IST" name="sleep" finished-at="2024-02-10T19:46:04 IST" duration-ms="5001" status="PASS">
          <reporter-output>
          </reporter-output>
        </test-method> <!-- sleep -->
        <test-method signature="logoutTest()[pri:0, instance:com.atharvahiwase07.tests.vendorPortal.VendorPortalTest@36916eb0]" started-at="2024-02-10T19:46:04 IST" name="logoutTest" finished-at="2024-02-10T19:46:06 IST" depends-on-methods="com.atharvahiwase07.tests.vendorPortal.VendorPortalTest.dashboardTest" duration-ms="1772" status="PASS">
          <reporter-output>
          </reporter-output>
        </test-method> <!-- logoutTest -->
        <test-method is-config="true" signature="sleep()[pri:0, instance:com.atharvahiwase07.tests.vendorPortal.VendorPortalTest@36916eb0]" started-at="2024-02-10T19:46:06 IST" name="sleep" finished-at="2024-02-10T19:46:11 IST" duration-ms="5012" status="PASS">
          <reporter-output>
          </reporter-output>
        </test-method> <!-- sleep -->
        <test-method is-config="true" signature="quitDriver()[pri:0, instance:com.atharvahiwase07.tests.vendorPortal.VendorPortalTest@36916eb0]" started-at="2024-02-10T19:46:11 IST" name="quitDriver" finished-at="2024-02-10T19:46:11 IST" duration-ms="182" status="PASS">
          <reporter-output>
          </reporter-output>
        </test-method> <!-- quitDriver -->
      </class> <!-- com.atharvahiwase07.tests.vendorPortal.VendorPortalTest -->
    </test> <!-- user-sam -->
    <test started-at="2024-02-10T19:45:49 IST" name="user-mike" finished-at="2024-02-10T19:46:12 IST" duration-ms="23510">
      <class name="com.atharvahiwase07.tests.vendorPortal.VendorPortalTest">
        <test-method is-config="true" signature="setDriver(org.testng.ITestContext)[pri:0, instance:com.atharvahiwase07.tests.vendorPortal.VendorPortalTest@5824a83d]" started-at="2024-02-10T19:45:49 IST" name="setDriver" finished-at="2024-02-10T19:45:53 IST" duration-ms="4233" status="PASS">
          <params>
            <param index="0">
              <value>
                <![CDATA[org.testng.TestRunner@4007f65e]]>
              </value>
            </param>
          </params>
          <reporter-output>
          </reporter-output>
        </test-method> <!-- setDriver -->
        <test-method is-config="true" signature="setPageObjects(java.lang.String)[pri:0, instance:com.atharvahiwase07.tests.vendorPortal.VendorPortalTest@5824a83d]" started-at="2024-02-10T19:45:53 IST" name="setPageObjects" finished-at="2024-02-10T19:45:53 IST" depends-on-methods="com.atharvahiwase07.tests.AbstractTest.setDriver" duration-ms="17" status="PASS">
          <params>
            <param index="0">
              <value>
                <![CDATA[test-data/vendor-portal/mike.json]]>
              </value>
            </param>
          </params>
          <reporter-output>
          </reporter-output>
        </test-method> <!-- setPageObjects -->
        <test-method signature="loginTest()[pri:0, instance:com.atharvahiwase07.tests.vendorPortal.VendorPortalTest@5824a83d]" started-at="2024-02-10T19:45:53 IST" name="loginTest" finished-at="2024-02-10T19:45:54 IST" duration-ms="1159" status="PASS">
          <reporter-output>
          </reporter-output>
        </test-method> <!-- loginTest -->
        <test-method is-config="true" signature="sleep()[pri:0, instance:com.atharvahiwase07.tests.vendorPortal.VendorPortalTest@5824a83d]" started-at="2024-02-10T19:45:54 IST" name="sleep" finished-at="2024-02-10T19:45:59 IST" duration-ms="5004" status="PASS">
          <reporter-output>
          </reporter-output>
        </test-method> <!-- sleep -->
        <test-method signature="dashboardTest()[pri:0, instance:com.atharvahiwase07.tests.vendorPortal.VendorPortalTest@5824a83d]" started-at="2024-02-10T19:45:59 IST" name="dashboardTest" finished-at="2024-02-10T19:46:00 IST" depends-on-methods="com.atharvahiwase07.tests.vendorPortal.VendorPortalTest.loginTest" duration-ms="323" status="PASS">
          <reporter-output>
          </reporter-output>
        </test-method> <!-- dashboardTest -->
        <test-method is-config="true" signature="sleep()[pri:0, instance:com.atharvahiwase07.tests.vendorPortal.VendorPortalTest@5824a83d]" started-at="2024-02-10T19:46:00 IST" name="sleep" finished-at="2024-02-10T19:46:05 IST" duration-ms="5013" status="PASS">
          <reporter-output>
          </reporter-output>
        </test-method> <!-- sleep -->
        <test-method signature="logoutTest()[pri:0, instance:com.atharvahiwase07.tests.vendorPortal.VendorPortalTest@5824a83d]" started-at="2024-02-10T19:46:05 IST" name="logoutTest" finished-at="2024-02-10T19:46:06 IST" depends-on-methods="com.atharvahiwase07.tests.vendorPortal.VendorPortalTest.dashboardTest" duration-ms="1594" status="PASS">
          <reporter-output>
          </reporter-output>
        </test-method> <!-- logoutTest -->
        <test-method is-config="true" signature="sleep()[pri:0, instance:com.atharvahiwase07.tests.vendorPortal.VendorPortalTest@5824a83d]" started-at="2024-02-10T19:46:06 IST" name="sleep" finished-at="2024-02-10T19:46:11 IST" duration-ms="5004" status="PASS">
          <reporter-output>
          </reporter-output>
        </test-method> <!-- sleep -->
        <test-method is-config="true" signature="quitDriver()[pri:0, instance:com.atharvahiwase07.tests.vendorPortal.VendorPortalTest@5824a83d]" started-at="2024-02-10T19:46:11 IST" name="quitDriver" finished-at="2024-02-10T19:46:12 IST" duration-ms="1152" status="PASS">
          <reporter-output>
          </reporter-output>
        </test-method> <!-- quitDriver -->
      </class> <!-- com.atharvahiwase07.tests.vendorPortal.VendorPortalTest -->
    </test> <!-- user-mike -->
  </suite> <!-- vendor-portal -->
</testng-results>
