<?xml version="1.0" encoding="UTF-8"?>
<!-- Generated by org.testng.reporters.JUnitXMLReporter -->
<testsuite ignored="0" hostname="taxidriver-VirtualBox" failures="0" tests="3" name="user-mike" time="6.647" errors="0" timestamp="2024-02-02T02:33:55 IST">
  <testcase classname="com.atharvahiwase07.tests.vendorPortal.VendorPortalTest" name="loginTest" time="1.127"/>
  <testcase classname="com.atharvahiwase07.tests.vendorPortal.VendorPortalTest" name="dashboardTest" time="2.812"/>
  <testcase classname="com.atharvahiwase07.tests.vendorPortal.VendorPortalTest" name="logoutTest" time="1.232"/>
</testsuite> <!-- user-mike -->
