<?xml version="1.0" encoding="UTF-8"?>
<!-- Generated by org.testng.reporters.JUnitXMLReporter -->
<testsuite ignored="0" hostname="taxidriver-VirtualBox" failures="0" tests="3" name="user-sam" time="8.076" errors="0" timestamp="2024-02-02T02:33:48 IST">
  <testcase classname="com.atharvahiwase07.tests.vendorPortal.VendorPortalTest" name="loginTest" time="1.358"/>
  <testcase classname="com.atharvahiwase07.tests.vendorPortal.VendorPortalTest" name="dashboardTest" time="1.786"/>
  <testcase classname="com.atharvahiwase07.tests.vendorPortal.VendorPortalTest" name="logoutTest" time="1.691"/>
</testsuite> <!-- user-sam -->
