<?xml version="1.0" encoding="UTF-8"?>
<!-- Generated by org.testng.reporters.JUnitXMLReporter -->
<testsuite ignored="0" hostname="DESKTOP-LGNE5KF" failures="0" tests="3" name="user-mike" time="23.51" errors="0" timestamp="2024-02-10T19:46:12 IST">
  <testcase classname="com.atharvahiwase07.tests.vendorPortal.VendorPortalTest" name="loginTest" time="1.159"/>
  <testcase classname="com.atharvahiwase07.tests.vendorPortal.VendorPortalTest" name="dashboardTest" time="0.323"/>
  <testcase classname="com.atharvahiwase07.tests.vendorPortal.VendorPortalTest" name="logoutTest" time="1.594"/>
</testsuite> <!-- user-mike -->
