<?xml version="1.0" encoding="UTF-8"?>
<!-- Generated by org.testng.reporters.JUnitXMLReporter -->
<testsuite ignored="0" hostname="DESKTOP-LGNE5KF" failures="0" tests="3" name="user-sam" time="20.065" errors="0" timestamp="2024-02-10T23:35:39 IST">
  <testcase classname="com.atharvahiwase07.tests.vendorPortal.VendorPortalTest" name="loginTest" time="0.927"/>
  <testcase classname="com.atharvahiwase07.tests.vendorPortal.VendorPortalTest" name="dashboardTest" time="0.231"/>
  <testcase classname="com.atharvahiwase07.tests.vendorPortal.VendorPortalTest" name="logoutTest" time="1.025"/>
</testsuite> <!-- user-sam -->
