<?xml version="1.0" encoding="UTF-8"?>
<!-- Generated by org.testng.reporters.JUnitXMLReporter -->
<testsuite ignored="0" hostname="taxidriver-VirtualBox" failures="0" tests="5" name="passengers-count-4" time="9.879" errors="0" timestamp="2024-01-31T00:27:17 IST">
  <testcase classname="com.atharvahiwase07.tests.flightreservation.FlightReservationTest" name="userRegistrationTest" time="2.482"/>
  <testcase classname="com.atharvahiwase07.tests.flightreservation.FlightReservationTest" name="registrationConfirmationTest" time="1.778"/>
  <testcase classname="com.atharvahiwase07.tests.flightreservation.FlightReservationTest" name="flightsSearchTest" time="1.332"/>
  <testcase classname="com.atharvahiwase07.tests.flightreservation.FlightReservationTest" name="flightSelectionTest" time="0.807"/>
  <testcase classname="com.atharvahiwase07.tests.flightreservation.FlightReservationTest" name="flightReservationConfirmationTest" time="1.708"/>
</testsuite> <!-- passengers-count-4 -->
