<?xml version="1.0" encoding="UTF-8"?>
<!-- Generated by org.testng.reporters.JUnitXMLReporter -->
<testsuite ignored="0" hostname="DESKTOP-LGNE5KF" failures="0" tests="5" name="passengers-count-2" time="33.395" errors="0" timestamp="2024-02-10T16:37:28 IST">
  <testcase classname="com.atharvahiwase07.tests.flightreservation.FlightReservationTest" name="userRegistrationTest" time="3.322"/>
  <testcase classname="com.atharvahiwase07.tests.flightreservation.FlightReservationTest" name="registrationConfirmationTest" time="0.271"/>
  <testcase classname="com.atharvahiwase07.tests.flightreservation.FlightReservationTest" name="flightsSearchTest" time="0.431"/>
  <testcase classname="com.atharvahiwase07.tests.flightreservation.FlightReservationTest" name="flightSelectionTest" time="0.707"/>
  <testcase classname="com.atharvahiwase07.tests.flightreservation.FlightReservationTest" name="flightReservationConfirmationTest" time="0.146"/>
</testsuite> <!-- passengers-count-2 -->
